[2025-10-20 19:20:46] INFO Run 20251020_192046 started. Parallel=True TL=6 SelfTest=False
[2025-10-20 19:20:46] INFO Loaded YAML config C:\Bibles\export.config.yaml (merged).
[2025-10-20 19:21:32] INFO diatheke => C:\Tools\BibleTools\bin\diatheke.exe
[2025-10-20 19:22:07] INFO mod2osis => C:\Tools\BibleTools\bin\mod2osis.exe
[2025-10-20 19:22:49] INFO 7z => C:\Program Files\7-Zip\7z.exe
[2025-10-20 19:23:35] INFO pandoc => C:\Users\Lexmilian de Mello\AppData\Local\Pandoc\pandoc.exe
[2025-10-20 19:24:20] INFO xelatex => C:\Users\Lexmilian de Mello\AppData\Local\Programs\MiKTeX\miktex\bin\x64\xelatex-dev.exe
[2025-10-20 19:25:07] INFO wkhtmltopdf => C:\Program Files\wkhtmltopdf\bin\wkhtmltopdf.exe
[2025-10-20 19:26:05] INFO qpdf => C:\Program Files\PDF24\qpdf\bin\qpdf.exe
[2025-10-20 19:26:24] INFO pdftk => C:\Program Files (x86)\PDFtk\bin\pdftk.exe
[2025-10-20 19:27:16] INFO gswin64c => C:\Program Files\PDF24\gs\bin\gswin64c.exe
[2025-10-20 19:27:33] INFO sqlite3 => C:\Users\Lexmilian de Mello\AppData\Local\Android\Sdk\platform-tools\sqlite3.exe
[2025-10-20 19:27:33] INFO === Module: KJV ===
[2025-10-20 19:27:36] WARN TXT export failed for KJV — The term 'Safe-SetContent' is not recognized as a name of a cmdlet, function, script file, or executable program.
Check the spelling of the name, or if a path was included, verify that the path is correct and try again.
[2025-10-20 19:27:36] WARN Clean-Reparse failed: C:\Bibles\EXPORT\modules\KJV\main.osis.xml => The term 'Assert-Path' is not recognized as a name of a cmdlet, function, script file, or executable program.
Check the spelling of the name, or if a path was included, verify that the path is correct and try again.
[2025-10-20 19:27:36] WARN OSIS export failed for KJV — You cannot call a method on a null-valued expression.
[2025-10-20 19:27:36] ERROR Fatal: You cannot call a method on a null-valued expression.
[2025-10-20 19:27:36] ERROR At: At line:661 char:5
+     $script:NoOsisList.Add($name)
+     ~~~~~~~~~~~~~~~~~~~~~~~~~~~~~
[2025-10-20 19:27:36] ERROR Stack: at Process-Module, <No file>: line 661
at <ScriptBlock>, <No file>: line 10
