[2025-10-20 19:02:12] INFO Run 20251020_190212 started. Parallel=True TL=6 SelfTest=False
[2025-10-20 19:02:12] INFO Loaded YAML config C:\Bibles\export.config.yaml (merged).
[2025-10-20 19:02:55] INFO diatheke => C:\Tools\BibleTools\bin\diatheke.exe
[2025-10-20 19:03:31] INFO mod2osis => C:\Tools\BibleTools\bin\mod2osis.exe
[2025-10-20 19:04:06] INFO 7z => C:\Program Files\7-Zip\7z.exe
[2025-10-20 19:04:43] INFO pandoc => C:\Users\Lexmilian de Mello\AppData\Local\Pandoc\pandoc.exe
[2025-10-20 19:05:22] INFO xelatex => C:\Users\Lexmilian de Mello\AppData\Local\Programs\MiKTeX\miktex\bin\x64\xelatex-dev.exe
[2025-10-20 19:06:10] INFO wkhtmltopdf => C:\Program Files\wkhtmltopdf\bin\wkhtmltopdf.exe
[2025-10-20 19:06:58] INFO qpdf => C:\Program Files\PDF24\qpdf\bin\qpdf.exe
[2025-10-20 19:07:15] INFO pdftk => C:\Program Files (x86)\PDFtk\bin\pdftk.exe
[2025-10-20 19:08:03] INFO gswin64c => C:\Program Files\PDF24\gs\bin\gswin64c.exe
[2025-10-20 19:08:20] INFO sqlite3 => C:\Users\Lexmilian de Mello\AppData\Local\Android\Sdk\platform-tools\sqlite3.exe
[2025-10-20 19:08:21] INFO === Module: KJV ===
[2025-10-20 19:08:21] ERROR Fatal: You cannot call a method on a null-valued expression.
[2025-10-20 19:08:21] ERROR At: At line:71 char:7
+   if ($script:LangMap.ContainsKey($Lang)) { return $script:LangMap[$L …
+       ~~~~~~~~~~~~~~~~~~~~~~~~~~~~~~~~~~
[2025-10-20 19:08:21] ERROR Stack: at Canonical-Lang, <No file>: line 71
at Process-Module, <No file>: line 574
at <ScriptBlock>, <No file>: line 12
